2020/05/30 15:44:41 GetApkData.py[line:266] INFO: Start to process /home/lechu/Documents/GitHub/Prueba-de-concepto/extraccion de tipos de atributo/data/apks/malware/administr.huhugame.apk...
2020/05/30 15:44:41 GetApkData.py[line:266] INFO: Start to process /home/lechu/Documents/GitHub/Prueba-de-concepto/extraccion de tipos de atributo/data/apks/goodware/aidapp.newsportalmeghalaya.apk...
2020/05/30 15:44:42 GetApkData.py[line:228] ERROR: 'ascii' codec can't encode characters in position 22-23: ordinal not in range(128)
2020/05/30 15:44:42 GetApkData.py[line:229] ERROR: Executing Androlyze on /home/lechu/Documents/GitHub/Prueba-de-concepto/extraccion de tipos de atributo/data/apks/malware/administr.huhugame.apk Failed.
2020/05/30 15:44:42 GetApkData.py[line:321] ERROR: 'NoneType' object is not iterable
2020/05/30 15:44:42 GetApkData.py[line:322] ERROR: /home/lechu/Documents/GitHub/Prueba-de-concepto/extraccion de tipos de atributo/data/apks/malware/administr.huhugame.apk processing failed in 0.0976841449738s...
2020/05/30 15:45:23 CommonModules.py[line:323] INFO: Json data of /home/lechu/Documents/GitHub/Prueba-de-concepto/extraccion de tipos de atributo/data/apks/goodware/aidapp.newsportalmeghalaya.data written successfully.
2020/05/30 15:45:23 GetApkData.py[line:88] INFO: Text data of /home/lechu/Documents/GitHub/Prueba-de-concepto/extraccion de tipos de atributo/data/apks/goodware/aidapp.newsportalmeghalaya written successfully.
2020/05/30 15:45:23 GetApkData.py[line:327] INFO: /home/lechu/Documents/GitHub/Prueba-de-concepto/extraccion de tipos de atributo/data/apks/goodware/aidapp.newsportalmeghalaya.apk processed successfully in 41.8784239292s
2020/05/30 15:45:25 CommonModules.py[line:86] INFO: Processing finished.
2020/05/30 15:45:25 CommonModules.py[line:87] INFO: Processing results: [('/home/lechu/Documents/GitHub/Prueba-de-concepto/extraccion de tipos de atributo/data/apks/malware/administr.huhugame.apk', False), ('/home/lechu/Documents/GitHub/Prueba-de-concepto/extraccion de tipos de atributo/data/apks/goodware/aidapp.newsportalmeghalaya.apk', True)]
2020/05/30 15:45:25 CommonModules.py[line:90] INFO: Time Elapsed: 43.05s, or 0.72mins, or 0.01hours
2020/05/30 15:53:15 GetApkData.py[line:267] INFO: Start to process /home/lechu/Documents/GitHub/Prueba-de-concepto/extraccion de tipos de atributo/data/apks/malware/administr.huhugame.apk...
2020/05/30 15:53:15 GetApkData.py[line:267] INFO: Start to process /home/lechu/Documents/GitHub/Prueba-de-concepto/extraccion de tipos de atributo/data/apks/goodware/aidapp.newsportalmeghalaya.apk...
2020/05/30 15:53:15 GetApkData.py[line:229] ERROR: 'ascii' codec can't encode characters in position 22-23: ordinal not in range(128)
2020/05/30 15:53:15 GetApkData.py[line:230] ERROR: Executing Androlyze on /home/lechu/Documents/GitHub/Prueba-de-concepto/extraccion de tipos de atributo/data/apks/malware/administr.huhugame.apk Failed.
2020/05/30 15:53:15 GetApkData.py[line:322] ERROR: 'NoneType' object is not iterable
2020/05/30 15:53:15 GetApkData.py[line:323] ERROR: /home/lechu/Documents/GitHub/Prueba-de-concepto/extraccion de tipos de atributo/data/apks/malware/administr.huhugame.apk processing failed in 0.139019966125s...
2020/05/30 15:53:32 GetApkData.py[line:267] INFO: Start to process /home/lechu/Documents/GitHub/Prueba-de-concepto/extraccion de tipos de atributo/data/apks/malware/administr.huhugame.apk...
2020/05/30 15:53:32 GetApkData.py[line:267] INFO: Start to process /home/lechu/Documents/GitHub/Prueba-de-concepto/extraccion de tipos de atributo/data/apks/goodware/aidapp.newsportalmeghalaya.apk...
2020/05/30 15:53:32 GetApkData.py[line:229] ERROR: 'ascii' codec can't encode characters in position 22-23: ordinal not in range(128)
2020/05/30 15:53:32 GetApkData.py[line:230] ERROR: Executing Androlyze on /home/lechu/Documents/GitHub/Prueba-de-concepto/extraccion de tipos de atributo/data/apks/malware/administr.huhugame.apk Failed.
2020/05/30 15:53:32 GetApkData.py[line:322] ERROR: 'NoneType' object is not iterable
2020/05/30 15:53:32 GetApkData.py[line:323] ERROR: /home/lechu/Documents/GitHub/Prueba-de-concepto/extraccion de tipos de atributo/data/apks/malware/administr.huhugame.apk processing failed in 0.105782985687s...
2020/05/30 15:53:53 GetApkData.py[line:267] INFO: Start to process /home/lechu/Documents/GitHub/Prueba-de-concepto/extraccion de tipos de atributo/data/apks/malware/administr.huhugame.apk...
2020/05/30 15:53:53 GetApkData.py[line:267] INFO: Start to process /home/lechu/Documents/GitHub/Prueba-de-concepto/extraccion de tipos de atributo/data/apks/goodware/aidapp.newsportalmeghalaya.apk...
2020/05/30 15:53:53 GetApkData.py[line:229] ERROR: 'ascii' codec can't encode characters in position 22-23: ordinal not in range(128)
2020/05/30 15:53:53 GetApkData.py[line:230] ERROR: Executing Androlyze on /home/lechu/Documents/GitHub/Prueba-de-concepto/extraccion de tipos de atributo/data/apks/malware/administr.huhugame.apk Failed.
2020/05/30 15:53:53 GetApkData.py[line:322] ERROR: 'NoneType' object is not iterable
2020/05/30 15:53:53 GetApkData.py[line:323] ERROR: /home/lechu/Documents/GitHub/Prueba-de-concepto/extraccion de tipos de atributo/data/apks/malware/administr.huhugame.apk processing failed in 0.0834140777588s...
2020/05/30 15:54:24 GetApkData.py[line:267] INFO: Start to process /home/lechu/Documents/GitHub/Prueba-de-concepto/extraccion de tipos de atributo/data/apks/malware/administr.huhugame.apk...
2020/05/30 15:54:24 GetApkData.py[line:267] INFO: Start to process /home/lechu/Documents/GitHub/Prueba-de-concepto/extraccion de tipos de atributo/data/apks/goodware/aidapp.newsportalmeghalaya.apk...
2020/05/30 15:54:24 GetApkData.py[line:229] ERROR: 'ascii' codec can't encode characters in position 22-23: ordinal not in range(128)
2020/05/30 15:54:24 GetApkData.py[line:230] ERROR: Executing Androlyze on /home/lechu/Documents/GitHub/Prueba-de-concepto/extraccion de tipos de atributo/data/apks/malware/administr.huhugame.apk Failed.
2020/05/30 15:54:24 GetApkData.py[line:322] ERROR: 'NoneType' object is not iterable
2020/05/30 15:54:24 GetApkData.py[line:323] ERROR: /home/lechu/Documents/GitHub/Prueba-de-concepto/extraccion de tipos de atributo/data/apks/malware/administr.huhugame.apk processing failed in 0.0812819004059s...
2020/05/30 15:55:08 CommonModules.py[line:323] INFO: Json data of /home/lechu/Documents/GitHub/Prueba-de-concepto/extraccion de tipos de atributo/data/apks/goodware/aidapp.newsportalmeghalaya.data written successfully.
2020/05/30 15:55:08 GetApkData.py[line:88] INFO: Text data of /home/lechu/Documents/GitHub/Prueba-de-concepto/extraccion de tipos de atributo/data/apks/goodware/aidapp.newsportalmeghalaya written successfully.
2020/05/30 15:55:08 GetApkData.py[line:328] INFO: /home/lechu/Documents/GitHub/Prueba-de-concepto/extraccion de tipos de atributo/data/apks/goodware/aidapp.newsportalmeghalaya.apk processed successfully in 44.623352766s
2020/05/30 15:55:10 CommonModules.py[line:86] INFO: Processing finished.
2020/05/30 15:55:10 CommonModules.py[line:87] INFO: Processing results: [('/home/lechu/Documents/GitHub/Prueba-de-concepto/extraccion de tipos de atributo/data/apks/malware/administr.huhugame.apk', False), ('/home/lechu/Documents/GitHub/Prueba-de-concepto/extraccion de tipos de atributo/data/apks/goodware/aidapp.newsportalmeghalaya.apk', True)]
2020/05/30 15:55:10 CommonModules.py[line:90] INFO: Time Elapsed: 46.06s, or 0.77mins, or 0.01hours
2020/05/30 15:55:41 GetApkData.py[line:267] INFO: Start to process /home/lechu/Documents/GitHub/Prueba-de-concepto/extraccion de tipos de atributo/data/apks/malware/agkrf.ajeuv.uhf.apk...
2020/05/30 15:55:41 GetApkData.py[line:267] INFO: Start to process /home/lechu/Documents/GitHub/Prueba-de-concepto/extraccion de tipos de atributo/data/apks/goodware/aidapp.newsportalmeghalaya.apk...
2020/05/30 15:55:42 CommonModules.py[line:323] INFO: Json data of /home/lechu/Documents/GitHub/Prueba-de-concepto/extraccion de tipos de atributo/data/apks/malware/agkrf.ajeuv.uhf.data written successfully.
2020/05/30 15:55:42 GetApkData.py[line:88] INFO: Text data of /home/lechu/Documents/GitHub/Prueba-de-concepto/extraccion de tipos de atributo/data/apks/malware/agkrf.ajeuv.uhf written successfully.
2020/05/30 15:55:42 GetApkData.py[line:328] INFO: /home/lechu/Documents/GitHub/Prueba-de-concepto/extraccion de tipos de atributo/data/apks/malware/agkrf.ajeuv.uhf.apk processed successfully in 0.891446113586s
2020/05/30 15:56:24 CommonModules.py[line:323] INFO: Json data of /home/lechu/Documents/GitHub/Prueba-de-concepto/extraccion de tipos de atributo/data/apks/goodware/aidapp.newsportalmeghalaya.data written successfully.
2020/05/30 15:56:24 GetApkData.py[line:88] INFO: Text data of /home/lechu/Documents/GitHub/Prueba-de-concepto/extraccion de tipos de atributo/data/apks/goodware/aidapp.newsportalmeghalaya written successfully.
2020/05/30 15:56:24 GetApkData.py[line:328] INFO: /home/lechu/Documents/GitHub/Prueba-de-concepto/extraccion de tipos de atributo/data/apks/goodware/aidapp.newsportalmeghalaya.apk processed successfully in 42.7384009361s
2020/05/30 15:56:25 CommonModules.py[line:86] INFO: Processing finished.
2020/05/30 15:56:25 CommonModules.py[line:87] INFO: Processing results: [('/home/lechu/Documents/GitHub/Prueba-de-concepto/extraccion de tipos de atributo/data/apks/malware/agkrf.ajeuv.uhf.apk', True), ('/home/lechu/Documents/GitHub/Prueba-de-concepto/extraccion de tipos de atributo/data/apks/goodware/aidapp.newsportalmeghalaya.apk', True)]
2020/05/30 15:56:25 CommonModules.py[line:90] INFO: Time Elapsed: 44.05s, or 0.73mins, or 0.01hours
2020/05/30 15:58:14 GetApkData.py[line:267] INFO: Start to process /home/lechu/Documents/GitHub/Prueba-de-concepto/extraccion de tipos de atributo/data/apks/goodware/aidapp.newsportalmeghalaya.apk...
2020/05/30 15:59:00 CommonModules.py[line:323] INFO: Json data of /home/lechu/Documents/GitHub/Prueba-de-concepto/extraccion de tipos de atributo/data/apks/goodware/aidapp.newsportalmeghalaya.data written successfully.
2020/05/30 15:59:00 GetApkData.py[line:88] INFO: Text data of /home/lechu/Documents/GitHub/Prueba-de-concepto/extraccion de tipos de atributo/data/apks/goodware/aidapp.newsportalmeghalaya written successfully.
2020/05/30 15:59:00 GetApkData.py[line:328] INFO: /home/lechu/Documents/GitHub/Prueba-de-concepto/extraccion de tipos de atributo/data/apks/goodware/aidapp.newsportalmeghalaya.apk processed successfully in 45.4647750854s
2020/05/30 15:59:01 CommonModules.py[line:86] INFO: Processing finished.
2020/05/30 15:59:01 CommonModules.py[line:87] INFO: Processing results: [('/home/lechu/Documents/GitHub/Prueba-de-concepto/extraccion de tipos de atributo/data/apks/goodware/aidapp.newsportalmeghalaya.apk', True)]
2020/05/30 15:59:01 CommonModules.py[line:90] INFO: Time Elapsed: 47.06s, or 0.78mins, or 0.01hours
2020/05/30 16:00:21 GetApkData.py[line:267] INFO: Start to process /home/lechu/Documents/GitHub/Prueba-de-concepto/extraccion de tipos de atributo/data/apks/goodware/aidapp.newsportalmeghalaya.apk...
2020/05/30 16:07:12 CommonModules.py[line:323] INFO: Json data of /home/lechu/Documents/GitHub/Prueba-de-concepto/extraccion de tipos de atributo/data/apks/goodware/aidapp.newsportalmeghalaya.data written successfully.
2020/05/30 16:14:07 GetApkData.py[line:267] INFO: Start to process /home/lechu/Documents/GitHub/Prueba-de-concepto/extraccion de tipos de atributo/data/apks/malware/agkrf.ajeuv.uhf.apk...
2020/05/30 16:14:07 GetApkData.py[line:267] INFO: Start to process /home/lechu/Documents/GitHub/Prueba-de-concepto/extraccion de tipos de atributo/data/apks/goodware/aidapp.newsportalmeghalaya.apk...
2020/05/30 16:14:08 CommonModules.py[line:323] INFO: Json data of /home/lechu/Documents/GitHub/Prueba-de-concepto/extraccion de tipos de atributo/data/apks/malware/agkrf.ajeuv.uhf.data written successfully.
2020/05/30 16:14:08 GetApkData.py[line:88] INFO: Text data of /home/lechu/Documents/GitHub/Prueba-de-concepto/extraccion de tipos de atributo/data/apks/malware/agkrf.ajeuv.uhf written successfully.
2020/05/30 16:14:08 GetApkData.py[line:328] INFO: /home/lechu/Documents/GitHub/Prueba-de-concepto/extraccion de tipos de atributo/data/apks/malware/agkrf.ajeuv.uhf.apk processed successfully in 0.847311973572s
2020/05/30 16:14:53 CommonModules.py[line:323] INFO: Json data of /home/lechu/Documents/GitHub/Prueba-de-concepto/extraccion de tipos de atributo/data/apks/goodware/aidapp.newsportalmeghalaya.data written successfully.
2020/05/30 16:14:53 GetApkData.py[line:88] INFO: Text data of /home/lechu/Documents/GitHub/Prueba-de-concepto/extraccion de tipos de atributo/data/apks/goodware/aidapp.newsportalmeghalaya written successfully.
2020/05/30 16:14:53 GetApkData.py[line:328] INFO: /home/lechu/Documents/GitHub/Prueba-de-concepto/extraccion de tipos de atributo/data/apks/goodware/aidapp.newsportalmeghalaya.apk processed successfully in 46.0335428715s
2020/05/30 16:14:55 CommonModules.py[line:86] INFO: Processing finished.
2020/05/30 16:14:55 CommonModules.py[line:87] INFO: Processing results: [('/home/lechu/Documents/GitHub/Prueba-de-concepto/extraccion de tipos de atributo/data/apks/malware/agkrf.ajeuv.uhf.apk', True), ('/home/lechu/Documents/GitHub/Prueba-de-concepto/extraccion de tipos de atributo/data/apks/goodware/aidapp.newsportalmeghalaya.apk', True)]
2020/05/30 16:14:55 CommonModules.py[line:90] INFO: Time Elapsed: 48.05s, or 0.80mins, or 0.01hours
